<?xml version="1.0" encoding="UTF-8"?>
<coverage generated="1383156843">
  <project timestamp="1383156843">
    <package name="Granada">
      <file name="C:\www/Granada/src/Granada/Eager.php">
        <class name="Eager" namespace="Granada">
          <metrics methods="6" coveredmethods="6" conditionals="0" coveredconditionals="0" statements="77" coveredstatements="70" elements="83" coveredelements="76"/>
        </class>
        <line num="21" type="method" name="hydrate" crap="8.81" count="31"/>
        <line num="23" type="stmt" count="31"/>
        <line num="24" type="stmt" count="31"/>
        <line num="25" type="stmt" count="31"/>
        <line num="27" type="stmt" count="9"/>
        <line num="28" type="stmt" count="9"/>
        <line num="29" type="stmt" count="9"/>
        <line num="32" type="stmt" count="9"/>
        <line num="33" type="stmt" count="0"/>
        <line num="34" type="stmt" count="0"/>
        <line num="35" type="stmt" count="0"/>
        <line num="36" type="stmt" count="0"/>
        <line num="37" type="stmt" count="0"/>
        <line num="38" type="stmt" count="0"/>
        <line num="41" type="stmt" count="9"/>
        <line num="43" type="stmt" count="9"/>
        <line num="44" type="stmt" count="9"/>
        <line num="45" type="stmt" count="0"/>
        <line num="48" type="stmt" count="9"/>
        <line num="49" type="stmt" count="31"/>
        <line num="50" type="stmt" count="31"/>
        <line num="51" type="stmt" count="31"/>
        <line num="64" type="method" name="eagerly" crap="6" count="9"/>
        <line num="66" type="stmt" count="9"/>
        <line num="68" type="stmt" count="9"/>
        <line num="70" type="stmt" count="9"/>
        <line num="75" type="stmt" count="9"/>
        <line num="77" type="stmt" count="9"/>
        <line num="78" type="stmt" count="9"/>
        <line num="80" type="stmt" count="9"/>
        <line num="81" type="stmt" count="9"/>
        <line num="82" type="stmt" count="7"/>
        <line num="86" type="stmt" count="2"/>
        <line num="88" type="stmt" count="2"/>
        <line num="89" type="stmt" count="2"/>
        <line num="101" type="method" name="has_one" crap="4" count="2"/>
        <line num="103" type="stmt" count="2"/>
        <line num="104" type="stmt" count="2"/>
        <line num="105" type="stmt" count="2"/>
        <line num="107" type="stmt" count="2"/>
        <line num="108" type="stmt" count="2"/>
        <line num="109" type="stmt" count="2"/>
        <line num="110" type="stmt" count="2"/>
        <line num="111" type="stmt" count="2"/>
        <line num="124" type="method" name="has_many" crap="5" count="2"/>
        <line num="126" type="stmt" count="2"/>
        <line num="128" type="stmt" count="2"/>
        <line num="129" type="stmt" count="2"/>
        <line num="132" type="stmt" count="2"/>
        <line num="133" type="stmt" count="2"/>
        <line num="134" type="stmt" count="2"/>
        <line num="135" type="stmt" count="2"/>
        <line num="137" type="stmt" count="2"/>
        <line num="138" type="stmt" count="2"/>
        <line num="139" type="stmt" count="2"/>
        <line num="151" type="method" name="belongs_to" crap="5" count="3"/>
        <line num="153" type="stmt" count="3"/>
        <line num="155" type="stmt" count="3"/>
        <line num="156" type="stmt" count="3"/>
        <line num="158" type="stmt" count="3"/>
        <line num="159" type="stmt" count="3"/>
        <line num="161" type="stmt" count="3"/>
        <line num="163" type="stmt" count="3"/>
        <line num="164" type="stmt" count="3"/>
        <line num="165" type="stmt" count="3"/>
        <line num="166" type="stmt" count="3"/>
        <line num="167" type="stmt" count="3"/>
        <line num="168" type="stmt" count="3"/>
        <line num="182" type="method" name="has_many_through" crap="5" count="2"/>
        <line num="184" type="stmt" count="2"/>
        <line num="188" type="stmt" count="2"/>
        <line num="189" type="stmt" count="2"/>
        <line num="190" type="stmt" count="2"/>
        <line num="192" type="stmt" count="2"/>
        <line num="194" type="stmt" count="2"/>
        <line num="195" type="stmt" count="2"/>
        <line num="197" type="stmt" count="2"/>
        <line num="198" type="stmt" count="2"/>
        <line num="199" type="stmt" count="2"/>
        <line num="200" type="stmt" count="2"/>
        <line num="202" type="stmt" count="2"/>
        <line num="203" type="stmt" count="2"/>
        <line num="204" type="stmt" count="2"/>
        <line num="206" type="stmt" count="1"/>
        <metrics loc="205" ncloc="116" classes="1" methods="6" coveredmethods="5" conditionals="0" coveredconditionals="0" statements="77" coveredstatements="70" elements="83" coveredelements="75"/>
      </file>
      <file name="C:\www/Granada/src/Granada/Granada.php">
        <class name="Granada" namespace="Granada">
          <metrics methods="31" coveredmethods="24" conditionals="0" coveredconditionals="0" statements="139" coveredstatements="121" elements="170" coveredelements="145"/>
        </class>
        <line num="124" type="method" name="_get_static_property" crap="3" count="33"/>
        <line num="125" type="stmt" count="33"/>
        <line num="126" type="stmt" count="33"/>
        <line num="128" type="stmt" count="4"/>
        <line num="129" type="stmt" count="4"/>
        <line num="139" type="method" name="_get_table_name" crap="2" count="33"/>
        <line num="140" type="stmt" count="33"/>
        <line num="141" type="stmt" count="33"/>
        <line num="142" type="stmt" count="30"/>
        <line num="144" type="stmt" count="3"/>
        <line num="158" type="method" name="_class_name_to_table_name" crap="1" count="30"/>
        <line num="159" type="stmt" count="30"/>
        <line num="160" type="stmt" count="30"/>
        <line num="161" type="stmt" count="30"/>
        <line num="162" type="stmt" count="30"/>
        <line num="163" type="stmt" count="30"/>
        <line num="170" type="method" name="_get_id_column_name" crap="1" count="33"/>
        <line num="171" type="stmt" count="33"/>
        <line num="180" type="method" name="_build_foreign_key_name" crap="2" count="18"/>
        <line num="181" type="stmt" count="18"/>
        <line num="182" type="stmt" count="5"/>
        <line num="184" type="stmt" count="14"/>
        <line num="196" type="method" name="factory" crap="2" count="33"/>
        <line num="197" type="stmt" count="33"/>
        <line num="198" type="stmt" count="33"/>
        <line num="200" type="stmt" count="33"/>
        <line num="201" type="stmt" count="33"/>
        <line num="202" type="stmt" count="33"/>
        <line num="203" type="stmt" count="33"/>
        <line num="205" type="stmt" count="33"/>
        <line num="206" type="stmt" count="33"/>
        <line num="207" type="stmt" count="33"/>
        <line num="208" type="stmt" count="33"/>
        <line num="209" type="stmt" count="33"/>
        <line num="210" type="stmt" count="33"/>
        <line num="211" type="stmt" count="33"/>
        <line num="220" type="method" name="_has_one_or_many" crap="2.01" count="10"/>
        <line num="221" type="stmt" count="10"/>
        <line num="222" type="stmt" count="10"/>
        <line num="224" type="stmt" count="10"/>
        <line num="228" type="stmt" count="10"/>
        <line num="231" type="stmt" count="10"/>
        <line num="232" type="stmt" count="10"/>
        <line num="235" type="stmt" count="0"/>
        <line num="239" type="stmt" count="10"/>
        <line num="240" type="stmt" count="10"/>
        <line num="247" type="method" name="has_one" crap="1" count="6"/>
        <line num="249" type="stmt" count="6"/>
        <line num="250" type="stmt" count="6"/>
        <line num="257" type="method" name="has_many" crap="1" count="4"/>
        <line num="259" type="stmt" count="4"/>
        <line num="260" type="stmt" count="4"/>
        <line num="267" type="method" name="belongs_to" crap="2.00" count="5"/>
        <line num="269" type="stmt" count="5"/>
        <line num="271" type="stmt" count="5"/>
        <line num="272" type="stmt" count="5"/>
        <line num="273" type="stmt" count="5"/>
        <line num="276" type="stmt" count="5"/>
        <line num="278" type="stmt" count="5"/>
        <line num="280" type="stmt" count="5"/>
        <line num="284" type="stmt" count="5"/>
        <line num="285" type="stmt" count="5"/>
        <line num="287" type="stmt" count="0"/>
        <line num="290" type="stmt" count="5"/>
        <line num="297" type="method" name="has_many_through" crap="5" count="4"/>
        <line num="299" type="stmt" count="4"/>
        <line num="301" type="stmt" count="4"/>
        <line num="306" type="stmt" count="4"/>
        <line num="307" type="stmt" count="3"/>
        <line num="308" type="stmt" count="3"/>
        <line num="309" type="stmt" count="3"/>
        <line num="310" type="stmt" count="3"/>
        <line num="311" type="stmt" count="3"/>
        <line num="312" type="stmt" count="3"/>
        <line num="313" type="stmt" count="3"/>
        <line num="314" type="stmt" count="3"/>
        <line num="315" type="stmt" count="3"/>
        <line num="318" type="stmt" count="4"/>
        <line num="319" type="stmt" count="4"/>
        <line num="320" type="stmt" count="4"/>
        <line num="323" type="stmt" count="4"/>
        <line num="324" type="stmt" count="4"/>
        <line num="325" type="stmt" count="4"/>
        <line num="326" type="stmt" count="4"/>
        <line num="327" type="stmt" count="4"/>
        <line num="328" type="stmt" count="4"/>
        <line num="331" type="stmt" count="4"/>
        <line num="332" type="stmt" count="4"/>
        <line num="342" type="stmt" count="4"/>
        <line num="343" type="stmt" count="4"/>
        <line num="345" type="stmt" count="4"/>
        <line num="346" type="stmt" count="4"/>
        <line num="348" type="stmt" count="4"/>
        <line num="349" type="stmt" count="4"/>
        <line num="350" type="stmt" count="4"/>
        <line num="351" type="stmt" count="4"/>
        <line num="352" type="stmt" count="4"/>
        <line num="359" type="method" name="set_orm" crap="1" count="33"/>
        <line num="360" type="stmt" count="33"/>
        <line num="361" type="stmt" count="33"/>
        <line num="370" type="method" name="__get" crap="7.02" count="14"/>
        <line num="371" type="stmt" count="14"/>
        <line num="372" type="stmt" count="14"/>
        <line num="373" type="stmt" count="14"/>
        <line num="375" type="stmt" count="6"/>
        <line num="377" type="stmt" count="0"/>
        <line num="379" type="stmt" count="6"/>
        <line num="381" type="stmt" count="2"/>
        <line num="383" type="stmt" count="6"/>
        <line num="385" type="stmt" count="3"/>
        <line num="386" type="stmt" count="1"/>
        <line num="387" type="stmt" count="1"/>
        <line num="390" type="stmt" count="2"/>
        <line num="393" type="stmt" count="3"/>
        <line num="401" type="method" name="__set" crap="1" count="5"/>
        <line num="402" type="stmt" count="5"/>
        <line num="403" type="stmt" count="5"/>
        <line num="408" type="method" name="__isset" crap="3" count="31"/>
        <line num="409" type="stmt" count="31"/>
        <line num="415" type="method" name="get" crap="2" count="0"/>
        <line num="416" type="stmt" count="0"/>
        <line num="424" type="method" name="set" crap="7.05" count="5"/>
        <line num="425" type="stmt" count="5"/>
        <line num="426" type="stmt" count="5"/>
        <line num="427" type="stmt" count="5"/>
        <line num="428" type="stmt" count="5"/>
        <line num="429" type="stmt" count="5"/>
        <line num="430" type="stmt" count="0"/>
        <line num="431" type="stmt" count="0"/>
        <line num="432" type="stmt" count="5"/>
        <line num="433" type="stmt" count="0"/>
        <line num="434" type="stmt" count="0"/>
        <line num="435" type="stmt" count="5"/>
        <line num="436" type="stmt" count="5"/>
        <line num="437" type="stmt" count="5"/>
        <line num="445" type="method" name="set_expr" crap="1" count="1"/>
        <line num="446" type="stmt" count="1"/>
        <line num="447" type="stmt" count="1"/>
        <line num="454" type="method" name="offsetExists" crap="2" count="0"/>
        <line num="455" type="stmt" count="0"/>
        <line num="463" type="method" name="offsetGet" crap="1" count="4"/>
        <line num="464" type="stmt" count="4"/>
        <line num="472" type="method" name="offsetSet" crap="2" count="0"/>
        <line num="473" type="stmt" count="0"/>
        <line num="480" type="method" name="offsetUnset" crap="1" count="2"/>
        <line num="481" type="stmt" count="2"/>
        <line num="482" type="stmt" count="2"/>
        <line num="487" type="method" name="is_dirty" crap="2" count="0"/>
        <line num="488" type="stmt" count="0"/>
        <line num="495" type="method" name="is_new" crap="2" count="0"/>
        <line num="496" type="stmt" count="0"/>
        <line num="502" type="method" name="as_array" crap="1" count="2"/>
        <line num="503" type="stmt" count="2"/>
        <line num="504" type="stmt" count="2"/>
        <line num="510" type="method" name="save" crap="1" count="3"/>
        <line num="511" type="stmt" count="3"/>
        <line num="517" type="method" name="delete" crap="1" count="1"/>
        <line num="518" type="stmt" count="1"/>
        <line num="524" type="method" name="id" crap="1" count="30"/>
        <line num="525" type="stmt" count="30"/>
        <line num="534" type="method" name="hydrate" crap="2" count="0"/>
        <line num="535" type="stmt" count="0"/>
        <line num="536" type="stmt" count="0"/>
        <line num="538" type="method" name="get_resultSetClass" crap="1" count="33"/>
        <line num="539" type="stmt" count="33"/>
        <line num="546" type="method" name="__callStatic" crap="6" count="0"/>
        <line num="547" type="stmt" count="0"/>
        <line num="548" type="stmt" count="0"/>
        <line num="549" type="stmt" count="0"/>
        <line num="551" type="stmt" count="0"/>
        <metrics loc="551" ncloc="262" classes="1" methods="31" coveredmethods="20" conditionals="0" coveredconditionals="0" statements="139" coveredstatements="121" elements="170" coveredelements="141"/>
      </file>
      <file name="C:\www/Granada/src/Granada/ORM.php">
        <class name="ORM" namespace="Granada">
          <metrics methods="145" coveredmethods="136" conditionals="0" coveredconditionals="0" statements="615" coveredstatements="530" elements="760" coveredelements="666"/>
        </class>
        <line num="0" type="stmt" count="1"/>
        <line num="206" type="method" name="configure" crap="7.18" count="151"/>
        <line num="207" type="stmt" count="151"/>
        <line num="209" type="stmt" count="151"/>
        <line num="212" type="stmt" count="0"/>
        <line num="213" type="stmt" count="0"/>
        <line num="214" type="stmt" count="0"/>
        <line num="215" type="stmt" count="0"/>
        <line num="216" type="stmt" count="151"/>
        <line num="219" type="stmt" count="0"/>
        <line num="220" type="stmt" count="0"/>
        <line num="221" type="stmt" count="0"/>
        <line num="222" type="stmt" count="151"/>
        <line num="224" type="stmt" count="151"/>
        <line num="231" type="method" name="get_config" crap="2" count="2"/>
        <line num="232" type="stmt" count="2"/>
        <line num="233" type="stmt" count="1"/>
        <line num="235" type="stmt" count="1"/>
        <line num="242" type="method" name="reset_config" crap="1" count="116"/>
        <line num="243" type="stmt" count="116"/>
        <line num="244" type="stmt" count="116"/>
        <line num="256" type="method" name="for_table" crap="1" count="135"/>
        <line num="257" type="stmt" count="135"/>
        <line num="258" type="stmt" count="135"/>
        <line num="265" type="method" name="_setup_db" crap="7.10" count="149"/>
        <line num="266" type="stmt" count="149"/>
        <line num="267" type="stmt" count="149"/>
        <line num="268" type="stmt" count="0"/>
        <line num="270" type="stmt" count="0"/>
        <line num="271" type="stmt" count="0"/>
        <line num="272" type="stmt" count="0"/>
        <line num="273" type="stmt" count="0"/>
        <line num="274" type="stmt" count="0"/>
        <line num="275" type="stmt" count="0"/>
        <line num="277" type="stmt" count="0"/>
        <line num="278" type="stmt" count="0"/>
        <line num="279" type="stmt" count="0"/>
        <line num="280" type="stmt" count="149"/>
        <line num="286" type="method" name="_setup_db_config" crap="2" count="151"/>
        <line num="287" type="stmt" count="151"/>
        <line num="288" type="stmt" count="118"/>
        <line num="289" type="stmt" count="118"/>
        <line num="290" type="stmt" count="151"/>
        <line num="300" type="method" name="set_db" crap="1" count="151"/>
        <line num="301" type="stmt" count="151"/>
        <line num="302" type="stmt" count="151"/>
        <line num="303" type="stmt" count="151"/>
        <line num="304" type="stmt" count="151"/>
        <line num="305" type="stmt" count="151"/>
        <line num="310" type="method" name="reset_db" crap="1" count="116"/>
        <line num="311" type="stmt" count="116"/>
        <line num="312" type="stmt" count="116"/>
        <line num="321" type="method" name="_setup_identifier_quote_character" crap="2" count="151"/>
        <line num="322" type="stmt" count="151"/>
        <line num="323" type="stmt" count="118"/>
        <line num="324" type="stmt" count="118"/>
        <line num="325" type="stmt" count="118"/>
        <line num="326" type="stmt" count="151"/>
        <line num="334" type="method" name="_setup_limit_clause_style" crap="2" count="151"/>
        <line num="335" type="stmt" count="151"/>
        <line num="336" type="stmt" count="118"/>
        <line num="337" type="stmt" count="118"/>
        <line num="338" type="stmt" count="118"/>
        <line num="339" type="stmt" count="151"/>
        <line num="347" type="method" name="_detect_identifier_quote_character" crap="10.04" count="118"/>
        <line num="348" type="stmt" count="118"/>
        <line num="349" type="stmt" count="118"/>
        <line num="350" type="stmt" count="118"/>
        <line num="351" type="stmt" count="118"/>
        <line num="352" type="stmt" count="118"/>
        <line num="353" type="stmt" count="118"/>
        <line num="354" type="stmt" count="118"/>
        <line num="355" type="stmt" count="2"/>
        <line num="356" type="stmt" count="116"/>
        <line num="357" type="stmt" count="116"/>
        <line num="358" type="stmt" count="116"/>
        <line num="359" type="stmt" count="116"/>
        <line num="360" type="stmt" count="116"/>
        <line num="361" type="stmt" count="0"/>
        <line num="370" type="method" name="_detect_limit_clause_style" crap="4" count="118"/>
        <line num="371" type="stmt" count="118"/>
        <line num="372" type="stmt" count="118"/>
        <line num="373" type="stmt" count="118"/>
        <line num="374" type="stmt" count="118"/>
        <line num="375" type="stmt" count="2"/>
        <line num="376" type="stmt" count="116"/>
        <line num="377" type="stmt" count="116"/>
        <line num="378" type="stmt" count="116"/>
        <line num="389" type="method" name="get_db" crap="1" count="149"/>
        <line num="390" type="stmt" count="149"/>
        <line num="391" type="stmt" count="149"/>
        <line num="405" type="method" name="raw_execute" crap="1" count="1"/>
        <line num="406" type="stmt" count="1"/>
        <line num="407" type="stmt" count="1"/>
        <line num="415" type="method" name="get_last_statement" crap="1" count="125"/>
        <line num="416" type="stmt" count="125"/>
        <line num="428" type="method" name="_execute" crap="1" count="132"/>
        <line num="429" type="stmt" count="132"/>
        <line num="430" type="stmt" count="132"/>
        <line num="432" type="stmt" count="132"/>
        <line num="434" type="stmt" count="132"/>
        <line num="450" type="method" name="_log_query" crap="7.29" count="132"/>
        <line num="452" type="stmt" count="132"/>
        <line num="453" type="stmt" count="0"/>
        <line num="456" type="stmt" count="132"/>
        <line num="457" type="stmt" count="2"/>
        <line num="458" type="stmt" count="2"/>
        <line num="460" type="stmt" count="132"/>
        <line num="462" type="stmt" count="77"/>
        <line num="465" type="stmt" count="77"/>
        <line num="468" type="stmt" count="77"/>
        <line num="469" type="stmt" count="2"/>
        <line num="470" type="stmt" count="2"/>
        <line num="471" type="stmt" count="76"/>
        <line num="475" type="stmt" count="77"/>
        <line num="476" type="stmt" count="77"/>
        <line num="477" type="stmt" count="59"/>
        <line num="480" type="stmt" count="132"/>
        <line num="481" type="stmt" count="132"/>
        <line num="484" type="stmt" count="132"/>
        <line num="485" type="stmt" count="0"/>
        <line num="486" type="stmt" count="0"/>
        <line num="487" type="stmt" count="0"/>
        <line num="489" type="stmt" count="132"/>
        <line num="500" type="method" name="get_last_query" crap="3.07" count="117"/>
        <line num="501" type="stmt" count="117"/>
        <line num="502" type="stmt" count="116"/>
        <line num="504" type="stmt" count="3"/>
        <line num="505" type="stmt" count="0"/>
        <line num="508" type="stmt" count="3"/>
        <line num="518" type="method" name="get_query_log" crap="2.15" count="9"/>
        <line num="519" type="stmt" count="9"/>
        <line num="520" type="stmt" count="9"/>
        <line num="522" type="stmt" count="0"/>
        <line num="529" type="method" name="get_connection_names" crap="2" count="0"/>
        <line num="530" type="stmt" count="0"/>
        <line num="541" type="method" name="__construct" crap="1" count="137"/>
        <line num="542" type="stmt" count="137"/>
        <line num="543" type="stmt" count="137"/>
        <line num="545" type="stmt" count="137"/>
        <line num="548" type="stmt" count="137"/>
        <line num="550" type="stmt" count="137"/>
        <line num="551" type="stmt" count="137"/>
        <line num="561" type="method" name="create" crap="2" count="18"/>
        <line num="562" type="stmt" count="18"/>
        <line num="563" type="stmt" count="18"/>
        <line num="564" type="stmt" count="2"/>
        <line num="566" type="stmt" count="18"/>
        <line num="573" type="method" name="non_associative" crap="1" count="4"/>
        <line num="574" type="stmt" count="4"/>
        <line num="575" type="stmt" count="4"/>
        <line num="582" type="method" name="associative" crap="2" count="0"/>
        <line num="583" type="stmt" count="0"/>
        <line num="584" type="stmt" count="0"/>
        <line num="591" type="method" name="reset_associative" crap="2" count="0"/>
        <line num="592" type="stmt" count="0"/>
        <line num="593" type="stmt" count="0"/>
        <line num="604" type="method" name="use_id_column" crap="1" count="127"/>
        <line num="605" type="stmt" count="127"/>
        <line num="606" type="stmt" count="127"/>
        <line num="613" type="method" name="_create_instance_from_row" crap="1" count="125"/>
        <line num="614" type="stmt" count="125"/>
        <line num="615" type="stmt" count="125"/>
        <line num="616" type="stmt" count="125"/>
        <line num="617" type="stmt" count="125"/>
        <line num="629" type="method" name="find_one" crap="3.03" count="62"/>
        <line num="630" type="stmt" count="62"/>
        <line num="631" type="stmt" count="36"/>
        <line num="632" type="stmt" count="36"/>
        <line num="634" type="stmt" count="62"/>
        <line num="636" type="stmt" count="62"/>
        <line num="637" type="stmt" count="0"/>
        <line num="640" type="stmt" count="62"/>
        <line num="650" type="method" name="find_many" crap="2" count="71"/>
        <line num="651" type="stmt" count="71"/>
        <line num="652" type="stmt" count="71"/>
        <line num="654" type="stmt" count="1"/>
        <line num="664" type="method" name="_find_many" crap="1" count="72"/>
        <line num="665" type="stmt" count="72"/>
        <line num="666" type="stmt" count="72"/>
        <line num="676" type="method" name="_get_instances" crap="4" count="51"/>
        <line num="677" type="stmt" count="51"/>
        <line num="678" type="stmt" count="51"/>
        <line num="679" type="stmt" count="51"/>
        <line num="680" type="stmt" count="51"/>
        <line num="681" type="stmt" count="51"/>
        <line num="682" type="stmt" count="51"/>
        <line num="683" type="stmt" count="51"/>
        <line num="684" type="stmt" count="51"/>
        <line num="693" type="method" name="find_result_set" crap="2.15" count="72"/>
        <line num="694" type="stmt" count="72"/>
        <line num="695" type="stmt" count="72"/>
        <line num="696" type="stmt" count="0"/>
        <line num="697" type="stmt" count="0"/>
        <line num="699" type="stmt" count="72"/>
        <line num="701" type="stmt" count="72"/>
        <line num="710" type="method" name="find_array" crap="2" count="0"/>
        <line num="711" type="stmt" count="0"/>
        <line num="719" type="method" name="count" crap="1" count="2"/>
        <line num="720" type="stmt" count="2"/>
        <line num="727" type="method" name="max" crap="1" count="1"/>
        <line num="728" type="stmt" count="1"/>
        <line num="735" type="method" name="min" crap="1" count="1"/>
        <line num="736" type="stmt" count="1"/>
        <line num="743" type="method" name="avg" crap="1" count="1"/>
        <line num="744" type="stmt" count="1"/>
        <line num="751" type="method" name="sum" crap="1" count="1"/>
        <line num="752" type="stmt" count="1"/>
        <line num="761" type="method" name="_call_aggregate_db_function" crap="7.99" count="6"/>
        <line num="762" type="stmt" count="6"/>
        <line num="763" type="stmt" count="6"/>
        <line num="764" type="stmt" count="6"/>
        <line num="765" type="stmt" count="4"/>
        <line num="766" type="stmt" count="4"/>
        <line num="767" type="stmt" count="6"/>
        <line num="768" type="stmt" count="6"/>
        <line num="769" type="stmt" count="6"/>
        <line num="770" type="stmt" count="6"/>
        <line num="771" type="stmt" count="6"/>
        <line num="773" type="stmt" count="6"/>
        <line num="774" type="stmt" count="6"/>
        <line num="775" type="stmt" count="0"/>
        <line num="776" type="stmt" count="0"/>
        <line num="777" type="stmt" count="0"/>
        <line num="778" type="stmt" count="0"/>
        <line num="779" type="stmt" count="0"/>
        <line num="780" type="stmt" count="0"/>
        <line num="781" type="stmt" count="0"/>
        <line num="783" type="stmt" count="0"/>
        <line num="784" type="stmt" count="6"/>
        <line num="793" type="method" name="hydrate" crap="1" count="127"/>
        <line num="794" type="stmt" count="127"/>
        <line num="795" type="stmt" count="127"/>
        <line num="802" type="method" name="force_all_dirty" crap="1" count="2"/>
        <line num="803" type="stmt" count="2"/>
        <line num="804" type="stmt" count="2"/>
        <line num="814" type="method" name="raw_query" crap="1" count="2"/>
        <line num="815" type="stmt" count="2"/>
        <line num="816" type="stmt" count="2"/>
        <line num="817" type="stmt" count="2"/>
        <line num="818" type="stmt" count="2"/>
        <line num="824" type="method" name="table_alias" crap="1" count="2"/>
        <line num="825" type="stmt" count="2"/>
        <line num="826" type="stmt" count="2"/>
        <line num="834" type="method" name="_add_result_column" crap="3" count="19"/>
        <line num="835" type="stmt" count="19"/>
        <line num="836" type="stmt" count="10"/>
        <line num="837" type="stmt" count="10"/>
        <line num="839" type="stmt" count="19"/>
        <line num="840" type="stmt" count="19"/>
        <line num="841" type="stmt" count="19"/>
        <line num="842" type="stmt" count="19"/>
        <line num="843" type="stmt" count="6"/>
        <line num="845" type="stmt" count="19"/>
        <line num="853" type="method" name="select" crap="2" count="12"/>
        <line num="854" type="stmt" count="12"/>
        <line num="855" type="stmt" count="12"/>
        <line num="856" type="stmt" count="12"/>
        <line num="857" type="stmt" count="12"/>
        <line num="858" type="stmt" count="12"/>
        <line num="859" type="stmt" count="12"/>
        <line num="867" type="method" name="select_expr" crap="1" count="8"/>
        <line num="868" type="stmt" count="8"/>
        <line num="885" type="method" name="select_many" crap="4" count="1"/>
        <line num="886" type="stmt" count="1"/>
        <line num="887" type="stmt" count="1"/>
        <line num="888" type="stmt" count="1"/>
        <line num="889" type="stmt" count="1"/>
        <line num="890" type="stmt" count="1"/>
        <line num="891" type="stmt" count="1"/>
        <line num="892" type="stmt" count="1"/>
        <line num="893" type="stmt" count="1"/>
        <line num="894" type="stmt" count="1"/>
        <line num="895" type="stmt" count="1"/>
        <line num="896" type="stmt" count="1"/>
        <line num="913" type="method" name="select_many_expr" crap="4" count="1"/>
        <line num="914" type="stmt" count="1"/>
        <line num="915" type="stmt" count="1"/>
        <line num="916" type="stmt" count="1"/>
        <line num="917" type="stmt" count="1"/>
        <line num="918" type="stmt" count="1"/>
        <line num="919" type="stmt" count="1"/>
        <line num="920" type="stmt" count="1"/>
        <line num="921" type="stmt" count="1"/>
        <line num="922" type="stmt" count="1"/>
        <line num="923" type="stmt" count="1"/>
        <line num="924" type="stmt" count="1"/>
        <line num="938" type="method" name="_normalise_select_many_columns" crap="5.01" count="2"/>
        <line num="939" type="stmt" count="2"/>
        <line num="940" type="stmt" count="2"/>
        <line num="941" type="stmt" count="2"/>
        <line num="942" type="stmt" count="2"/>
        <line num="943" type="stmt" count="2"/>
        <line num="944" type="stmt" count="2"/>
        <line num="945" type="stmt" count="2"/>
        <line num="946" type="stmt" count="0"/>
        <line num="948" type="stmt" count="2"/>
        <line num="949" type="stmt" count="2"/>
        <line num="950" type="stmt" count="2"/>
        <line num="952" type="stmt" count="2"/>
        <line num="953" type="stmt" count="2"/>
        <line num="959" type="method" name="distinct" crap="1" count="1"/>
        <line num="960" type="stmt" count="1"/>
        <line num="961" type="stmt" count="1"/>
        <line num="986" type="method" name="_add_join_source" crap="3" count="14"/>
        <line num="988" type="stmt" count="14"/>
        <line num="990" type="stmt" count="14"/>
        <line num="993" type="stmt" count="14"/>
        <line num="994" type="stmt" count="2"/>
        <line num="995" type="stmt" count="2"/>
        <line num="996" type="stmt" count="2"/>
        <line num="999" type="stmt" count="14"/>
        <line num="1000" type="stmt" count="13"/>
        <line num="1001" type="stmt" count="13"/>
        <line num="1002" type="stmt" count="13"/>
        <line num="1003" type="stmt" count="13"/>
        <line num="1004" type="stmt" count="13"/>
        <line num="1006" type="stmt" count="14"/>
        <line num="1007" type="stmt" count="14"/>
        <line num="1013" type="method" name="join" crap="1" count="10"/>
        <line num="1014" type="stmt" count="10"/>
        <line num="1020" type="method" name="inner_join" crap="1" count="1"/>
        <line num="1021" type="stmt" count="1"/>
        <line num="1027" type="method" name="left_outer_join" crap="1" count="1"/>
        <line num="1028" type="stmt" count="1"/>
        <line num="1034" type="method" name="right_outer_join" crap="1" count="1"/>
        <line num="1035" type="stmt" count="1"/>
        <line num="1041" type="method" name="full_outer_join" crap="1" count="1"/>
        <line num="1042" type="stmt" count="1"/>
        <line num="1048" type="method" name="_add_having" crap="1" count="5"/>
        <line num="1049" type="stmt" count="5"/>
        <line num="1055" type="method" name="_add_simple_having" crap="1" count="7"/>
        <line num="1056" type="stmt" count="7"/>
        <line num="1062" type="method" name="_add_where" crap="1" count="19"/>
        <line num="1063" type="stmt" count="19"/>
        <line num="1069" type="method" name="_add_simple_where" crap="1" count="57"/>
        <line num="1070" type="stmt" count="57"/>
        <line num="1076" type="method" name="_add_condition" crap="2" count="78"/>
        <line num="1077" type="stmt" count="78"/>
        <line num="1078" type="stmt" count="78"/>
        <line num="1079" type="stmt" count="64"/>
        <line num="1080" type="stmt" count="64"/>
        <line num="1081" type="stmt" count="78"/>
        <line num="1082" type="stmt" count="78"/>
        <line num="1083" type="stmt" count="78"/>
        <line num="1084" type="stmt" count="78"/>
        <line num="1085" type="stmt" count="78"/>
        <line num="1094" type="method" name="_add_simple_condition" crap="4" count="64"/>
        <line num="1096" type="stmt" count="64"/>
        <line num="1097" type="stmt" count="2"/>
        <line num="1098" type="stmt" count="2"/>
        <line num="1099" type="stmt" count="1"/>
        <line num="1100" type="stmt" count="1"/>
        <line num="1102" type="stmt" count="2"/>
        <line num="1103" type="stmt" count="2"/>
        <line num="1104" type="stmt" count="64"/>
        <line num="1105" type="stmt" count="64"/>
        <line num="1112" type="method" name="_create_placeholders" crap="4.02" count="18"/>
        <line num="1113" type="stmt" count="18"/>
        <line num="1114" type="stmt" count="18"/>
        <line num="1115" type="stmt" count="18"/>
        <line num="1117" type="stmt" count="18"/>
        <line num="1118" type="stmt" count="2"/>
        <line num="1119" type="stmt" count="2"/>
        <line num="1120" type="stmt" count="18"/>
        <line num="1122" type="stmt" count="18"/>
        <line num="1123" type="stmt" count="18"/>
        <line num="1125" type="stmt" count="0"/>
        <line num="1133" type="method" name="where" crap="1" count="50"/>
        <line num="1134" type="stmt" count="50"/>
        <line num="1141" type="method" name="where_equal" crap="1" count="52"/>
        <line num="1142" type="stmt" count="52"/>
        <line num="1148" type="method" name="where_not_equal" crap="1" count="1"/>
        <line num="1149" type="stmt" count="1"/>
        <line num="1155" type="method" name="where_id_is" crap="1" count="38"/>
        <line num="1156" type="stmt" count="38"/>
        <line num="1162" type="method" name="where_like" crap="1" count="1"/>
        <line num="1163" type="stmt" count="1"/>
        <line num="1169" type="method" name="where_not_like" crap="1" count="1"/>
        <line num="1170" type="stmt" count="1"/>
        <line num="1176" type="method" name="where_gt" crap="1" count="1"/>
        <line num="1177" type="stmt" count="1"/>
        <line num="1183" type="method" name="where_lt" crap="1" count="1"/>
        <line num="1184" type="stmt" count="1"/>
        <line num="1190" type="method" name="where_gte" crap="1" count="1"/>
        <line num="1191" type="stmt" count="1"/>
        <line num="1197" type="method" name="where_lte" crap="1" count="1"/>
        <line num="1198" type="stmt" count="1"/>
        <line num="1204" type="method" name="where_in" crap="1" count="10"/>
        <line num="1205" type="stmt" count="10"/>
        <line num="1206" type="stmt" count="10"/>
        <line num="1207" type="stmt" count="10"/>
        <line num="1213" type="method" name="where_not_in" crap="1" count="1"/>
        <line num="1214" type="stmt" count="1"/>
        <line num="1215" type="stmt" count="1"/>
        <line num="1216" type="stmt" count="1"/>
        <line num="1222" type="method" name="where_null" crap="1" count="1"/>
        <line num="1223" type="stmt" count="1"/>
        <line num="1224" type="stmt" count="1"/>
        <line num="1230" type="method" name="where_not_null" crap="1" count="1"/>
        <line num="1231" type="stmt" count="1"/>
        <line num="1232" type="stmt" count="1"/>
        <line num="1240" type="method" name="where_raw" crap="1" count="6"/>
        <line num="1241" type="stmt" count="6"/>
        <line num="1247" type="method" name="limit" crap="1" count="66"/>
        <line num="1248" type="stmt" count="66"/>
        <line num="1249" type="stmt" count="66"/>
        <line num="1255" type="method" name="offset" crap="1" count="2"/>
        <line num="1256" type="stmt" count="2"/>
        <line num="1257" type="stmt" count="2"/>
        <line num="1263" type="method" name="_add_order_by" crap="1" count="4"/>
        <line num="1264" type="stmt" count="4"/>
        <line num="1265" type="stmt" count="4"/>
        <line num="1266" type="stmt" count="4"/>
        <line num="1272" type="method" name="order_by_desc" crap="1" count="2"/>
        <line num="1273" type="stmt" count="2"/>
        <line num="1279" type="method" name="order_by_asc" crap="1" count="3"/>
        <line num="1280" type="stmt" count="3"/>
        <line num="1286" type="method" name="order_by_expr" crap="1" count="1"/>
        <line num="1287" type="stmt" count="1"/>
        <line num="1288" type="stmt" count="1"/>
        <line num="1294" type="method" name="group_by" crap="1" count="14"/>
        <line num="1295" type="stmt" count="14"/>
        <line num="1296" type="stmt" count="14"/>
        <line num="1297" type="stmt" count="14"/>
        <line num="1303" type="method" name="group_by_expr" crap="1" count="1"/>
        <line num="1304" type="stmt" count="1"/>
        <line num="1305" type="stmt" count="1"/>
        <line num="1314" type="method" name="having" crap="1" count="2"/>
        <line num="1315" type="stmt" count="2"/>
        <line num="1322" type="method" name="having_equal" crap="1" count="2"/>
        <line num="1323" type="stmt" count="2"/>
        <line num="1329" type="method" name="having_not_equal" crap="1" count="1"/>
        <line num="1330" type="stmt" count="1"/>
        <line num="1336" type="method" name="having_id_is" crap="2" count="0"/>
        <line num="1337" type="stmt" count="0"/>
        <line num="1343" type="method" name="having_like" crap="1" count="1"/>
        <line num="1344" type="stmt" count="1"/>
        <line num="1350" type="method" name="having_not_like" crap="1" count="1"/>
        <line num="1351" type="stmt" count="1"/>
        <line num="1357" type="method" name="having_gt" crap="1" count="1"/>
        <line num="1358" type="stmt" count="1"/>
        <line num="1364" type="method" name="having_lt" crap="1" count="1"/>
        <line num="1365" type="stmt" count="1"/>
        <line num="1371" type="method" name="having_gte" crap="1" count="1"/>
        <line num="1372" type="stmt" count="1"/>
        <line num="1378" type="method" name="having_lte" crap="1" count="1"/>
        <line num="1379" type="stmt" count="1"/>
        <line num="1385" type="method" name="having_in" crap="1" count="1"/>
        <line num="1386" type="stmt" count="1"/>
        <line num="1387" type="stmt" count="1"/>
        <line num="1388" type="stmt" count="1"/>
        <line num="1394" type="method" name="having_not_in" crap="1" count="1"/>
        <line num="1395" type="stmt" count="1"/>
        <line num="1396" type="stmt" count="1"/>
        <line num="1397" type="stmt" count="1"/>
        <line num="1403" type="method" name="having_null" crap="1" count="1"/>
        <line num="1404" type="stmt" count="1"/>
        <line num="1405" type="stmt" count="1"/>
        <line num="1411" type="method" name="having_not_null" crap="1" count="1"/>
        <line num="1412" type="stmt" count="1"/>
        <line num="1413" type="stmt" count="1"/>
        <line num="1421" type="method" name="having_raw" crap="1" count="1"/>
        <line num="1422" type="stmt" count="1"/>
        <line num="1429" type="method" name="_build_select" crap="2" count="125"/>
        <line num="1432" type="stmt" count="125"/>
        <line num="1433" type="stmt" count="2"/>
        <line num="1434" type="stmt" count="2"/>
        <line num="1439" type="stmt" count="123"/>
        <line num="1440" type="stmt" count="123"/>
        <line num="1441" type="stmt" count="123"/>
        <line num="1442" type="stmt" count="123"/>
        <line num="1443" type="stmt" count="123"/>
        <line num="1444" type="stmt" count="123"/>
        <line num="1445" type="stmt" count="123"/>
        <line num="1446" type="stmt" count="123"/>
        <line num="1447" type="stmt" count="123"/>
        <line num="1448" type="stmt" count="123"/>
        <line num="1454" type="method" name="_build_select_start" crap="5" count="123"/>
        <line num="1455" type="stmt" count="123"/>
        <line num="1456" type="stmt" count="123"/>
        <line num="1458" type="stmt" count="123"/>
        <line num="1459" type="stmt" count="123"/>
        <line num="1460" type="stmt" count="2"/>
        <line num="1461" type="stmt" count="2"/>
        <line num="1463" type="stmt" count="123"/>
        <line num="1464" type="stmt" count="1"/>
        <line num="1465" type="stmt" count="1"/>
        <line num="1467" type="stmt" count="123"/>
        <line num="1469" type="stmt" count="123"/>
        <line num="1470" type="stmt" count="2"/>
        <line num="1471" type="stmt" count="2"/>
        <line num="1472" type="stmt" count="123"/>
        <line num="1478" type="method" name="_build_join" crap="2" count="123"/>
        <line num="1479" type="stmt" count="123"/>
        <line num="1480" type="stmt" count="113"/>
        <line num="1483" type="stmt" count="14"/>
        <line num="1489" type="method" name="_build_where" crap="1" count="124"/>
        <line num="1490" type="stmt" count="124"/>
        <line num="1496" type="method" name="_build_having" crap="1" count="123"/>
        <line num="1497" type="stmt" count="123"/>
        <line num="1503" type="method" name="_build_group_by" crap="2" count="123"/>
        <line num="1504" type="stmt" count="123"/>
        <line num="1505" type="stmt" count="108"/>
        <line num="1507" type="stmt" count="15"/>
        <line num="1515" type="method" name="_build_conditions" crap="3" count="124"/>
        <line num="1516" type="stmt" count="124"/>
        <line num="1518" type="stmt" count="124"/>
        <line num="1519" type="stmt" count="123"/>
        <line num="1522" type="stmt" count="78"/>
        <line num="1523" type="stmt" count="78"/>
        <line num="1524" type="stmt" count="78"/>
        <line num="1525" type="stmt" count="78"/>
        <line num="1526" type="stmt" count="78"/>
        <line num="1528" type="stmt" count="78"/>
        <line num="1534" type="method" name="_build_order_by" crap="2" count="123"/>
        <line num="1535" type="stmt" count="123"/>
        <line num="1536" type="stmt" count="118"/>
        <line num="1538" type="stmt" count="5"/>
        <line num="1544" type="method" name="_build_limit" crap="4.13" count="123"/>
        <line num="1545" type="stmt" count="123"/>
        <line num="1546" type="stmt" count="123"/>
        <line num="1547" type="stmt" count="123"/>
        <line num="1548" type="stmt" count="64"/>
        <line num="1549" type="stmt" count="0"/>
        <line num="1550" type="stmt" count="0"/>
        <line num="1551" type="stmt" count="64"/>
        <line num="1553" type="stmt" count="64"/>
        <line num="1554" type="stmt" count="64"/>
        <line num="1555" type="stmt" count="123"/>
        <line num="1561" type="method" name="_build_offset" crap="3.21" count="123"/>
        <line num="1562" type="stmt" count="123"/>
        <line num="1563" type="stmt" count="2"/>
        <line num="1564" type="stmt" count="2"/>
        <line num="1565" type="stmt" count="0"/>
        <line num="1566" type="stmt" count="0"/>
        <line num="1567" type="stmt" count="2"/>
        <line num="1569" type="stmt" count="121"/>
        <line num="1576" type="method" name="_join_if_not_empty" crap="4" count="124"/>
        <line num="1577" type="stmt" count="124"/>
        <line num="1578" type="stmt" count="124"/>
        <line num="1579" type="stmt" count="124"/>
        <line num="1580" type="stmt" count="124"/>
        <line num="1581" type="stmt" count="124"/>
        <line num="1582" type="stmt" count="124"/>
        <line num="1583" type="stmt" count="124"/>
        <line num="1584" type="stmt" count="124"/>
        <line num="1585" type="stmt" count="124"/>
        <line num="1586" type="stmt" count="124"/>
        <line num="1594" type="method" name="_quote_identifier" crap="1" count="129"/>
        <line num="1595" type="stmt" count="129"/>
        <line num="1596" type="stmt" count="129"/>
        <line num="1597" type="stmt" count="129"/>
        <line num="1605" type="method" name="_quote_identifier_part" crap="2" count="129"/>
        <line num="1606" type="stmt" count="129"/>
        <line num="1607" type="stmt" count="5"/>
        <line num="1610" type="stmt" count="129"/>
        <line num="1613" type="stmt" count="129"/>
        <line num="1614" type="stmt" count="129"/>
        <line num="1616" type="stmt" count="129"/>
        <line num="1622" type="method" name="_create_cache_key" crap="1" count="2"/>
        <line num="1623" type="stmt" count="2"/>
        <line num="1624" type="stmt" count="2"/>
        <line num="1625" type="stmt" count="2"/>
        <line num="1632" type="method" name="_check_query_cache" crap="2" count="2"/>
        <line num="1633" type="stmt" count="2"/>
        <line num="1634" type="stmt" count="2"/>
        <line num="1636" type="stmt" count="2"/>
        <line num="1642" type="method" name="clear_cache" crap="1" count="13"/>
        <line num="1643" type="stmt" count="13"/>
        <line num="1644" type="stmt" count="13"/>
        <line num="1649" type="method" name="_cache_query_result" crap="2" count="2"/>
        <line num="1650" type="stmt" count="2"/>
        <line num="1651" type="stmt" count="2"/>
        <line num="1652" type="stmt" count="2"/>
        <line num="1653" type="stmt" count="2"/>
        <line num="1654" type="stmt" count="2"/>
        <line num="1660" type="method" name="_run" crap="5" count="125"/>
        <line num="1661" type="stmt" count="125"/>
        <line num="1662" type="stmt" count="125"/>
        <line num="1664" type="stmt" count="125"/>
        <line num="1665" type="stmt" count="2"/>
        <line num="1666" type="stmt" count="2"/>
        <line num="1668" type="stmt" count="2"/>
        <line num="1669" type="stmt" count="2"/>
        <line num="1670" type="stmt" count="2"/>
        <line num="1672" type="stmt" count="2"/>
        <line num="1674" type="stmt" count="125"/>
        <line num="1675" type="stmt" count="125"/>
        <line num="1677" type="stmt" count="125"/>
        <line num="1678" type="stmt" count="125"/>
        <line num="1679" type="stmt" count="125"/>
        <line num="1680" type="stmt" count="125"/>
        <line num="1682" type="stmt" count="125"/>
        <line num="1683" type="stmt" count="2"/>
        <line num="1684" type="stmt" count="2"/>
        <line num="1687" type="stmt" count="125"/>
        <line num="1689" type="stmt" count="125"/>
        <line num="1696" type="method" name="reset" crap="1" count="125"/>
        <line num="1697" type="stmt" count="125"/>
        <line num="1698" type="stmt" count="125"/>
        <line num="1699" type="stmt" count="125"/>
        <line num="1700" type="stmt" count="125"/>
        <line num="1709" type="method" name="as_array" crap="2.50" count="2"/>
        <line num="1710" type="stmt" count="2"/>
        <line num="1711" type="stmt" count="2"/>
        <line num="1713" type="stmt" count="0"/>
        <line num="1714" type="stmt" count="0"/>
        <line num="1721" type="method" name="get" crap="2" count="45"/>
        <line num="1722" type="stmt" count="45"/>
        <line num="1729" type="method" name="_get_id_column_name" crap="3" count="54"/>
        <line num="1730" type="stmt" count="54"/>
        <line num="1731" type="stmt" count="36"/>
        <line num="1733" type="stmt" count="18"/>
        <line num="1734" type="stmt" count="2"/>
        <line num="1736" type="stmt" count="16"/>
        <line num="1742" type="method" name="id" crap="1" count="43"/>
        <line num="1743" type="stmt" count="43"/>
        <line num="1753" type="method" name="set" crap="1" count="16"/>
        <line num="1754" type="stmt" count="16"/>
        <line num="1766" type="method" name="set_expr" crap="1" count="6"/>
        <line num="1767" type="stmt" count="6"/>
        <line num="1776" type="method" name="_set_orm_property" crap="6" count="17"/>
        <line num="1777" type="stmt" count="17"/>
        <line num="1778" type="stmt" count="11"/>
        <line num="1779" type="stmt" count="11"/>
        <line num="1780" type="stmt" count="17"/>
        <line num="1781" type="stmt" count="17"/>
        <line num="1782" type="stmt" count="17"/>
        <line num="1783" type="stmt" count="17"/>
        <line num="1784" type="stmt" count="1"/>
        <line num="1785" type="stmt" count="17"/>
        <line num="1786" type="stmt" count="6"/>
        <line num="1787" type="stmt" count="6"/>
        <line num="1788" type="stmt" count="17"/>
        <line num="1789" type="stmt" count="17"/>
        <line num="1796" type="method" name="is_dirty" crap="1" count="1"/>
        <line num="1797" type="stmt" count="1"/>
        <line num="1804" type="method" name="is_new" crap="1" count="2"/>
        <line num="1805" type="stmt" count="2"/>
        <line num="1814" type="method" name="save" crap="8.79" count="13"/>
        <line num="1815" type="stmt" count="13"/>
        <line num="1818" type="stmt" count="13"/>
        <line num="1821" type="stmt" count="13"/>
        <line num="1822" type="stmt" count="0"/>
        <line num="1823" type="stmt" count="0"/>
        <line num="1824" type="stmt" count="0"/>
        <line num="1827" type="stmt" count="13"/>
        <line num="1829" type="stmt" count="8"/>
        <line num="1830" type="stmt" count="0"/>
        <line num="1832" type="stmt" count="8"/>
        <line num="1833" type="stmt" count="8"/>
        <line num="1834" type="stmt" count="8"/>
        <line num="1835" type="stmt" count="5"/>
        <line num="1839" type="stmt" count="13"/>
        <line num="1842" type="stmt" count="13"/>
        <line num="1843" type="stmt" count="5"/>
        <line num="1844" type="stmt" count="5"/>
        <line num="1845" type="stmt" count="5"/>
        <line num="1846" type="stmt" count="0"/>
        <line num="1847" type="stmt" count="0"/>
        <line num="1848" type="stmt" count="5"/>
        <line num="1850" type="stmt" count="5"/>
        <line num="1851" type="stmt" count="5"/>
        <line num="1852" type="stmt" count="13"/>
        <line num="1853" type="stmt" count="13"/>
        <line num="1854" type="stmt" count="13"/>
        <line num="1860" type="method" name="_build_update" crap="3" count="8"/>
        <line num="1861" type="stmt" count="8"/>
        <line num="1862" type="stmt" count="8"/>
        <line num="1864" type="stmt" count="8"/>
        <line num="1865" type="stmt" count="8"/>
        <line num="1866" type="stmt" count="8"/>
        <line num="1867" type="stmt" count="7"/>
        <line num="1868" type="stmt" count="7"/>
        <line num="1869" type="stmt" count="8"/>
        <line num="1870" type="stmt" count="8"/>
        <line num="1871" type="stmt" count="8"/>
        <line num="1872" type="stmt" count="8"/>
        <line num="1873" type="stmt" count="8"/>
        <line num="1874" type="stmt" count="8"/>
        <line num="1875" type="stmt" count="8"/>
        <line num="1881" type="method" name="_build_insert" crap="2.02" count="5"/>
        <line num="1882" type="stmt" count="5"/>
        <line num="1883" type="stmt" count="5"/>
        <line num="1884" type="stmt" count="5"/>
        <line num="1885" type="stmt" count="5"/>
        <line num="1886" type="stmt" count="5"/>
        <line num="1888" type="stmt" count="5"/>
        <line num="1889" type="stmt" count="5"/>
        <line num="1891" type="stmt" count="5"/>
        <line num="1892" type="stmt" count="0"/>
        <line num="1893" type="stmt" count="0"/>
        <line num="1895" type="stmt" count="5"/>
        <line num="1902" type="method" name="_build_insert_update" crap="2" count="0"/>
        <line num="1903" type="stmt" count="0"/>
        <line num="1904" type="stmt" count="0"/>
        <line num="1905" type="stmt" count="0"/>
        <line num="1906" type="stmt" count="0"/>
        <line num="1907" type="stmt" count="0"/>
        <line num="1908" type="stmt" count="0"/>
        <line num="1909" type="stmt" count="0"/>
        <line num="1910" type="stmt" count="0"/>
        <line num="1912" type="stmt" count="0"/>
        <line num="1913" type="stmt" count="0"/>
        <line num="1914" type="stmt" count="0"/>
        <line num="1921" type="method" name="delete" crap="1" count="2"/>
        <line num="1922" type="stmt" count="2"/>
        <line num="1923" type="stmt" count="2"/>
        <line num="1924" type="stmt" count="2"/>
        <line num="1925" type="stmt" count="2"/>
        <line num="1926" type="stmt" count="2"/>
        <line num="1927" type="stmt" count="2"/>
        <line num="1928" type="stmt" count="2"/>
        <line num="1930" type="stmt" count="2"/>
        <line num="1938" type="method" name="delete_many" crap="2.50" count="1"/>
        <line num="1939" type="stmt" count="1"/>
        <line num="1942" type="stmt" count="0"/>
        <line num="1943" type="stmt" count="0"/>
        <line num="1944" type="stmt" count="0"/>
        <line num="1945" type="stmt" count="0"/>
        <line num="1946" type="stmt" count="0"/>
        <line num="1947" type="stmt" count="0"/>
        <line num="1948" type="stmt" count="0"/>
        <line num="1952" type="stmt" count="1"/>
        <line num="1953" type="stmt" count="1"/>
        <line num="1954" type="stmt" count="1"/>
        <line num="1955" type="stmt" count="1"/>
        <line num="1956" type="stmt" count="1"/>
        <line num="1959" type="stmt" count="1"/>
        <line num="1967" type="method" name="offsetExists" crap="1" count="90"/>
        <line num="1968" type="stmt" count="90"/>
        <line num="1971" type="method" name="offsetGet" crap="1" count="2"/>
        <line num="1972" type="stmt" count="2"/>
        <line num="1975" type="method" name="offsetSet" crap="2.06" count="7"/>
        <line num="1976" type="stmt" count="7"/>
        <line num="1977" type="stmt" count="0"/>
        <line num="1979" type="stmt" count="7"/>
        <line num="1980" type="stmt" count="7"/>
        <line num="1982" type="method" name="offsetUnset" crap="1" count="3"/>
        <line num="1983" type="stmt" count="3"/>
        <line num="1984" type="stmt" count="3"/>
        <line num="1985" type="stmt" count="3"/>
        <line num="1990" type="method" name="__get" crap="1" count="1"/>
        <line num="1991" type="stmt" count="1"/>
        <line num="1994" type="method" name="__set" crap="1" count="5"/>
        <line num="1995" type="stmt" count="5"/>
        <line num="1996" type="stmt" count="5"/>
        <line num="1998" type="method" name="__unset" crap="2" count="0"/>
        <line num="1999" type="stmt" count="0"/>
        <line num="2000" type="stmt" count="0"/>
        <line num="2003" type="method" name="__isset" crap="1" count="89"/>
        <line num="2004" type="stmt" count="89"/>
        <line num="2019" type="method" name="__call" crap="6" count="0"/>
        <line num="2021" type="stmt" count="0"/>
        <line num="2024" type="stmt" count="0"/>
        <line num="2025" type="stmt" count="0"/>
        <line num="2027" type="stmt" count="0"/>
        <line num="2043" type="method" name="__callStatic" crap="2" count="0"/>
        <line num="2045" type="stmt" count="0"/>
        <line num="2047" type="stmt" count="0"/>
        <line num="2050" type="stmt" count="1"/>
        <metrics loc="2049" ncloc="1148" classes="1" methods="145" coveredmethods="118" conditionals="0" coveredconditionals="0" statements="615" coveredstatements="530" elements="760" coveredelements="648"/>
      </file>
      <file name="C:\www/Granada/src/Granada/ResultSet.php">
        <class name="ResultSet" namespace="Granada">
          <metrics methods="22" coveredmethods="9" conditionals="0" coveredconditionals="0" statements="39" coveredstatements="19" elements="61" coveredelements="28"/>
        </class>
        <line num="20" type="method" name="__construct" crap="1" count="80"/>
        <line num="21" type="stmt" count="80"/>
        <line num="22" type="stmt" count="80"/>
        <line num="28" type="method" name="set_results" crap="1" count="80"/>
        <line num="29" type="stmt" count="80"/>
        <line num="30" type="stmt" count="80"/>
        <line num="36" type="method" name="get_results" crap="1" count="10"/>
        <line num="37" type="stmt" count="10"/>
        <line num="44" type="method" name="as_array" crap="1" count="7"/>
        <line num="45" type="stmt" count="7"/>
        <line num="52" type="method" name="as_json" crap="6" count="0"/>
        <line num="53" type="stmt" count="0"/>
        <line num="54" type="stmt" count="0"/>
        <line num="55" type="stmt" count="0"/>
        <line num="56" type="stmt" count="0"/>
        <line num="57" type="stmt" count="0"/>
        <line num="64" type="method" name="keys" crap="2" count="0"/>
        <line num="65" type="stmt" count="0"/>
        <line num="72" type="method" name="merge" crap="2" count="0"/>
        <line num="73" type="stmt" count="0"/>
        <line num="74" type="stmt" count="0"/>
        <line num="81" type="method" name="first" crap="2" count="0"/>
        <line num="82" type="stmt" count="0"/>
        <line num="89" type="method" name="last" crap="2" count="0"/>
        <line num="90" type="stmt" count="0"/>
        <line num="97" type="method" name="add" crap="2" count="0"/>
        <line num="98" type="stmt" count="0"/>
        <line num="99" type="stmt" count="0"/>
        <line num="102" type="method" name="rewind" crap="2" count="0"/>
        <line num="103" type="method" name="current" crap="2" count="0"/>
        <line num="104" type="method" name="key" crap="2" count="0"/>
        <line num="105" type="method" name="next" crap="2" count="0"/>
        <line num="106" type="method" name="valid" crap="2" count="0"/>
        <line num="112" type="method" name="count" crap="1" count="24"/>
        <line num="113" type="stmt" count="24"/>
        <line num="121" type="method" name="getIterator" crap="1" count="10"/>
        <line num="122" type="stmt" count="10"/>
        <line num="130" type="method" name="offsetExists" crap="2" count="0"/>
        <line num="131" type="stmt" count="0"/>
        <line num="139" type="method" name="offsetGet" crap="1" count="3"/>
        <line num="140" type="stmt" count="3"/>
        <line num="148" type="method" name="offsetSet" crap="2" count="4"/>
        <line num="149" type="stmt" count="4"/>
        <line num="150" type="stmt" count="4"/>
        <line num="151" type="stmt" count="2"/>
        <line num="152" type="stmt" count="2"/>
        <line num="155" type="stmt" count="2"/>
        <line num="157" type="stmt" count="4"/>
        <line num="163" type="method" name="offsetUnset" crap="2" count="0"/>
        <line num="164" type="stmt" count="0"/>
        <line num="165" type="stmt" count="0"/>
        <line num="177" type="method" name="__call" crap="2" count="1"/>
        <line num="178" type="stmt" count="1"/>
        <line num="179" type="stmt" count="1"/>
        <line num="180" type="stmt" count="1"/>
        <line num="181" type="stmt" count="1"/>
        <metrics loc="182" ncloc="97" classes="1" methods="22" coveredmethods="9" conditionals="0" coveredconditionals="0" statements="39" coveredstatements="19" elements="61" coveredelements="28"/>
      </file>
    </package>
    <package name="Granada\Orm">
      <file name="C:\www/Granada/src/Granada/Orm/String.php">
        <class name="String" namespace="Granada\Orm">
          <metrics methods="6" coveredmethods="6" conditionals="0" coveredconditionals="0" statements="15" coveredstatements="14" elements="21" coveredelements="20"/>
        </class>
        <line num="22" type="method" name="value" crap="1" count="2"/>
        <line num="23" type="stmt" count="2"/>
        <line num="34" type="method" name="str_replace_outside_quotes" crap="1" count="2"/>
        <line num="35" type="stmt" count="2"/>
        <line num="42" type="method" name="__construct" crap="1" count="2"/>
        <line num="43" type="stmt" count="2"/>
        <line num="44" type="stmt" count="2"/>
        <line num="53" type="method" name="replace_outside_quotes" crap="1" count="2"/>
        <line num="54" type="stmt" count="2"/>
        <line num="55" type="stmt" count="2"/>
        <line num="56" type="stmt" count="2"/>
        <line num="66" type="method" name="_str_replace_outside_quotes" crap="2.03" count="2"/>
        <line num="76" type="stmt" count="2"/>
        <line num="77" type="stmt" count="2"/>
        <line num="78" type="stmt" count="0"/>
        <line num="87" type="stmt" count="2"/>
        <line num="88" type="stmt" count="2"/>
        <line num="99" type="method" name="_str_replace_outside_quotes_cb" crap="2" count="2"/>
        <line num="101" type="stmt" count="2"/>
        <line num="103" type="stmt" count="2"/>
        <line num="104" type="stmt" count="2"/>
        <line num="107" type="stmt" count="1"/>
        <metrics loc="106" ncloc="55" classes="1" methods="6" coveredmethods="5" conditionals="0" coveredconditionals="0" statements="15" coveredstatements="14" elements="21" coveredelements="19"/>
      </file>
      <file name="C:\www/Granada/src/Granada/Orm/Wrapper.php">
        <class name="Wrapper" namespace="Granada\Orm">
          <metrics methods="20" coveredmethods="11" conditionals="0" coveredconditionals="0" statements="80" coveredstatements="41" elements="100" coveredelements="52"/>
        </class>
        <line num="29" type="method" name="set_class_name" crap="1" count="33"/>
        <line num="30" type="stmt" count="33"/>
        <line num="31" type="stmt" count="33"/>
        <line num="42" type="method" name="filter" crap="2.02" count="2"/>
        <line num="43" type="stmt" count="2"/>
        <line num="44" type="stmt" count="2"/>
        <line num="45" type="stmt" count="2"/>
        <line num="46" type="stmt" count="2"/>
        <line num="47" type="stmt" count="2"/>
        <line num="49" type="stmt" count="0"/>
        <line num="58" type="method" name="for_table" crap="1" count="33"/>
        <line num="59" type="stmt" count="33"/>
        <line num="60" type="stmt" count="33"/>
        <line num="68" type="method" name="_create_model_instance" crap="2.02" count="33"/>
        <line num="69" type="stmt" count="33"/>
        <line num="70" type="stmt" count="0"/>
        <line num="72" type="stmt" count="33"/>
        <line num="73" type="stmt" count="33"/>
        <line num="74" type="stmt" count="33"/>
        <line num="75" type="stmt" count="33"/>
        <line num="83" type="method" name="select_raw" crap="2" count="0"/>
        <line num="84" type="stmt" count="0"/>
        <line num="90" type="method" name="where_id_in" crap="1" count="3"/>
        <line num="91" type="stmt" count="3"/>
        <line num="99" type="method" name="raw_join" crap="2" count="0"/>
        <line num="100" type="stmt" count="0"/>
        <line num="101" type="stmt" count="0"/>
        <line num="107" type="method" name="group_by_raw" crap="2" count="0"/>
        <line num="108" type="stmt" count="0"/>
        <line num="109" type="stmt" count="0"/>
        <line num="116" type="method" name="order_by_raw" crap="2" count="0"/>
        <line num="117" type="stmt" count="0"/>
        <line num="118" type="stmt" count="0"/>
        <line num="128" type="method" name="insert" crap="6" count="0"/>
        <line num="130" type="stmt" count="0"/>
        <line num="131" type="stmt" count="0"/>
        <line num="132" type="stmt" count="0"/>
        <line num="133" type="stmt" count="0"/>
        <line num="134" type="stmt" count="0"/>
        <line num="135" type="stmt" count="0"/>
        <line num="136" type="stmt" count="0"/>
        <line num="145" type="method" name="find_one" crap="4" count="19"/>
        <line num="146" type="stmt" count="19"/>
        <line num="147" type="stmt" count="19"/>
        <line num="149" type="stmt" count="19"/>
        <line num="150" type="stmt" count="19"/>
        <line num="151" type="stmt" count="19"/>
        <line num="153" type="stmt" count="19"/>
        <line num="154" type="stmt" count="19"/>
        <line num="155" type="stmt" count="19"/>
        <line num="165" type="method" name="find_many" crap="2" count="21"/>
        <line num="166" type="stmt" count="21"/>
        <line num="167" type="stmt" count="21"/>
        <line num="180" type="method" name="_get_instances" crap="4" count="21"/>
        <line num="181" type="stmt" count="21"/>
        <line num="182" type="stmt" count="21"/>
        <line num="183" type="stmt" count="21"/>
        <line num="184" type="stmt" count="21"/>
        <line num="185" type="stmt" count="21"/>
        <line num="186" type="stmt" count="21"/>
        <line num="187" type="stmt" count="21"/>
        <line num="188" type="stmt" count="21"/>
        <line num="190" type="stmt" count="21"/>
        <line num="199" type="method" name="pluck" crap="6" count="0"/>
        <line num="201" type="stmt" count="0"/>
        <line num="203" type="stmt" count="0"/>
        <line num="204" type="stmt" count="0"/>
        <line num="205" type="stmt" count="0"/>
        <line num="208" type="stmt" count="0"/>
        <line num="217" type="method" name="create" crap="2" count="11"/>
        <line num="218" type="stmt" count="11"/>
        <line num="219" type="stmt" count="11"/>
        <line num="220" type="stmt" count="11"/>
        <line num="228" type="method" name="with" crap="1" count="9"/>
        <line num="230" type="stmt" count="9"/>
        <line num="231" type="stmt" count="9"/>
        <line num="239" type="method" name="reset_relation" crap="1" count="9"/>
        <line num="241" type="stmt" count="9"/>
        <line num="242" type="stmt" count="9"/>
        <line num="249" type="method" name="find_pairs" crap="12" count="0"/>
        <line num="251" type="stmt" count="0"/>
        <line num="252" type="stmt" count="0"/>
        <line num="253" type="stmt" count="0"/>
        <line num="265" type="method" name="assoc_to_keyval" crap="56" count="0"/>
        <line num="267" type="stmt" count="0"/>
        <line num="268" type="stmt" count="0"/>
        <line num="269" type="stmt" count="0"/>
        <line num="272" type="stmt" count="0"/>
        <line num="273" type="stmt" count="0"/>
        <line num="275" type="stmt" count="0"/>
        <line num="276" type="stmt" count="0"/>
        <line num="277" type="stmt" count="0"/>
        <line num="278" type="stmt" count="0"/>
        <line num="279" type="stmt" count="0"/>
        <line num="281" type="stmt" count="0"/>
        <line num="292" type="method" name="__call" crap="6" count="0"/>
        <line num="293" type="stmt" count="0"/>
        <line num="294" type="stmt" count="0"/>
        <line num="295" type="stmt" count="0"/>
        <line num="298" type="stmt" count="0"/>
        <metrics loc="300" ncloc="168" classes="1" methods="20" coveredmethods="9" conditionals="0" coveredconditionals="0" statements="80" coveredstatements="41" elements="100" coveredelements="50"/>
      </file>
    </package>
    <file name="C:\www/Granada/tests/MockPDO.php">
      <class name="MockPDOStatement" namespace="global">
        <metrics methods="3" coveredmethods="3" conditionals="0" coveredconditionals="0" statements="5" coveredstatements="5" elements="8" coveredelements="8"/>
      </class>
      <class name="MockDifferentPDOStatement" namespace="global">
        <metrics methods="0" coveredmethods="0" conditionals="0" coveredconditionals="0" statements="0" coveredstatements="0" elements="0" coveredelements="0"/>
      </class>
      <class name="MockPDO" namespace="global">
        <metrics methods="1" coveredmethods="1" conditionals="0" coveredconditionals="0" statements="2" coveredstatements="2" elements="3" coveredelements="3"/>
      </class>
      <class name="MockDifferentPDO" namespace="global">
        <metrics methods="1" coveredmethods="1" conditionals="0" coveredconditionals="0" statements="2" coveredstatements="2" elements="3" coveredelements="3"/>
      </class>
      <class name="MockMsSqlPDO" namespace="global">
        <metrics methods="1" coveredmethods="1" conditionals="0" coveredconditionals="0" statements="5" coveredstatements="3" elements="6" coveredelements="4"/>
      </class>
      <line num="11" type="method" name="__construct" crap="1" count="122"/>
      <line num="12" type="method" name="execute" crap="1" count="122"/>
      <line num="17" type="method" name="fetch" crap="2" count="115"/>
      <line num="18" type="stmt" count="115"/>
      <line num="19" type="stmt" count="115"/>
      <line num="21" type="stmt" count="115"/>
      <line num="42" type="method" name="prepare" crap="1" count="119"/>
      <line num="43" type="stmt" count="119"/>
      <line num="44" type="stmt" count="119"/>
      <line num="57" type="method" name="prepare" crap="1" count="5"/>
      <line num="58" type="stmt" count="5"/>
      <line num="59" type="stmt" count="5"/>
      <line num="71" type="method" name="getAttribute" crap="3.58" count="2"/>
      <line num="72" type="stmt" count="2"/>
      <line num="73" type="stmt" count="2"/>
      <line num="74" type="stmt" count="2"/>
      <line num="76" type="stmt" count="0"/>
      <line num="78" type="stmt" count="0"/>
      <metrics loc="80" ncloc="49" classes="5" methods="6" coveredmethods="5" conditionals="0" coveredconditionals="0" statements="14" coveredstatements="12" elements="20" coveredelements="17"/>
    </file>
    <file name="C:\www/Granada/tests/models.php">
      <class name="Manufactor" namespace="global">
        <metrics methods="1" coveredmethods="1" conditionals="0" coveredconditionals="0" statements="1" coveredstatements="1" elements="2" coveredelements="2"/>
      </class>
      <class name="Owner" namespace="global">
        <metrics methods="1" coveredmethods="1" conditionals="0" coveredconditionals="0" statements="1" coveredstatements="1" elements="2" coveredelements="2"/>
      </class>
      <class name="Part" namespace="global">
        <metrics methods="1" coveredmethods="1" conditionals="0" coveredconditionals="0" statements="1" coveredstatements="1" elements="2" coveredelements="2"/>
      </class>
      <class name="Car" namespace="global">
        <metrics methods="3" coveredmethods="3" conditionals="0" coveredconditionals="0" statements="3" coveredstatements="3" elements="6" coveredelements="6"/>
      </class>
      <class name="CarPart" namespace="global">
        <metrics methods="0" coveredmethods="0" conditionals="0" coveredconditionals="0" statements="0" coveredstatements="0" elements="0" coveredelements="0"/>
      </class>
      <class name="Simple" namespace="global">
        <metrics methods="0" coveredmethods="0" conditionals="0" coveredconditionals="0" statements="0" coveredstatements="0" elements="0" coveredelements="0"/>
      </class>
      <class name="ComplexModelClassName" namespace="global">
        <metrics methods="0" coveredmethods="0" conditionals="0" coveredconditionals="0" statements="0" coveredstatements="0" elements="0" coveredelements="0"/>
      </class>
      <class name="ModelWithCustomTable" namespace="global">
        <metrics methods="0" coveredmethods="0" conditionals="0" coveredconditionals="0" statements="0" coveredstatements="0" elements="0" coveredelements="0"/>
      </class>
      <class name="ModelWithCustomTableAndCustomIdColumn" namespace="global">
        <metrics methods="0" coveredmethods="0" conditionals="0" coveredconditionals="0" statements="0" coveredstatements="0" elements="0" coveredelements="0"/>
      </class>
      <class name="ModelWithFilters" namespace="global">
        <metrics methods="2" coveredmethods="2" conditionals="0" coveredconditionals="0" statements="2" coveredstatements="2" elements="4" coveredelements="4"/>
      </class>
      <class name="ModelWithCustomConnection" namespace="global">
        <metrics methods="0" coveredmethods="0" conditionals="0" coveredconditionals="0" statements="0" coveredstatements="0" elements="0" coveredelements="0"/>
      </class>
      <class name="Profile" namespace="global">
        <metrics methods="1" coveredmethods="1" conditionals="0" coveredconditionals="0" statements="1" coveredstatements="1" elements="2" coveredelements="2"/>
      </class>
      <class name="User" namespace="global">
        <metrics methods="1" coveredmethods="1" conditionals="0" coveredconditionals="0" statements="1" coveredstatements="1" elements="2" coveredelements="2"/>
      </class>
      <class name="UserTwo" namespace="global">
        <metrics methods="1" coveredmethods="1" conditionals="0" coveredconditionals="0" statements="1" coveredstatements="1" elements="2" coveredelements="2"/>
      </class>
      <class name="ProfileTwo" namespace="global">
        <metrics methods="1" coveredmethods="1" conditionals="0" coveredconditionals="0" statements="1" coveredstatements="1" elements="2" coveredelements="2"/>
      </class>
      <class name="Post" namespace="global">
        <metrics methods="0" coveredmethods="0" conditionals="0" coveredconditionals="0" statements="0" coveredstatements="0" elements="0" coveredelements="0"/>
      </class>
      <class name="UserThree" namespace="global">
        <metrics methods="1" coveredmethods="1" conditionals="0" coveredconditionals="0" statements="1" coveredstatements="1" elements="2" coveredelements="2"/>
      </class>
      <class name="UserFour" namespace="global">
        <metrics methods="1" coveredmethods="1" conditionals="0" coveredconditionals="0" statements="1" coveredstatements="1" elements="2" coveredelements="2"/>
      </class>
      <class name="Author" namespace="global">
        <metrics methods="0" coveredmethods="0" conditionals="0" coveredconditionals="0" statements="0" coveredstatements="0" elements="0" coveredelements="0"/>
      </class>
      <class name="AuthorBook" namespace="global">
        <metrics methods="0" coveredmethods="0" conditionals="0" coveredconditionals="0" statements="0" coveredstatements="0" elements="0" coveredelements="0"/>
      </class>
      <class name="Book" namespace="global">
        <metrics methods="1" coveredmethods="1" conditionals="0" coveredconditionals="0" statements="1" coveredstatements="1" elements="2" coveredelements="2"/>
      </class>
      <class name="BookTwo" namespace="global">
        <metrics methods="1" coveredmethods="1" conditionals="0" coveredconditionals="0" statements="1" coveredstatements="1" elements="2" coveredelements="2"/>
      </class>
      <class name="MockPrefix_Simple" namespace="global" fullPackage="MockPrefix">
        <metrics methods="0" coveredmethods="0" conditionals="0" coveredconditionals="0" statements="0" coveredstatements="0" elements="0" coveredelements="0"/>
      </class>
      <class name="MockPrefix_TableSpecified" namespace="global" fullPackage="MockPrefix">
        <metrics methods="0" coveredmethods="0" conditionals="0" coveredconditionals="0" statements="0" coveredstatements="0" elements="0" coveredelements="0"/>
      </class>
      <line num="12" type="method" name="cars" crap="1" count="2"/>
      <line num="13" type="stmt" count="2"/>
      <line num="18" type="method" name="car" crap="1" count="3"/>
      <line num="19" type="stmt" count="3"/>
      <line num="24" type="method" name="cars" crap="1" count="1"/>
      <line num="25" type="stmt" count="1"/>
      <line num="30" type="method" name="manufactor" crap="1" count="3"/>
      <line num="31" type="stmt" count="3"/>
      <line num="34" type="method" name="owner" crap="1" count="2"/>
      <line num="35" type="stmt" count="2"/>
      <line num="38" type="method" name="parts" crap="1" count="1"/>
      <line num="39" type="stmt" count="1"/>
      <line num="60" type="method" name="name_is_fred" crap="1" count="1"/>
      <line num="61" type="stmt" count="1"/>
      <line num="63" type="method" name="name_is" crap="1" count="1"/>
      <line num="64" type="stmt" count="1"/>
      <line num="73" type="method" name="user" crap="1" count="1"/>
      <line num="74" type="stmt" count="1"/>
      <line num="78" type="method" name="profile" crap="1" count="1"/>
      <line num="79" type="stmt" count="1"/>
      <line num="83" type="method" name="profile" crap="1" count="2"/>
      <line num="84" type="stmt" count="2"/>
      <line num="88" type="method" name="user" crap="1" count="1"/>
      <line num="89" type="stmt" count="1"/>
      <line num="94" type="method" name="posts" crap="1" count="1"/>
      <line num="95" type="stmt" count="1"/>
      <line num="99" type="method" name="posts" crap="1" count="1"/>
      <line num="100" type="stmt" count="1"/>
      <line num="107" type="method" name="authors" crap="1" count="1"/>
      <line num="108" type="stmt" count="1"/>
      <line num="112" type="method" name="authors" crap="1" count="1"/>
      <line num="113" type="stmt" count="1"/>
      <line num="273" type="stmt" count="5"/>
      <line num="351" type="stmt" count="4"/>
      <metrics loc="119" ncloc="111" classes="24" methods="16" coveredmethods="16" conditionals="0" coveredconditionals="0" statements="16" coveredstatements="16" elements="32" coveredelements="32"/>
    </file>
    <file name="C:\www/Granada/vendor/composer/autoload_real.php">
      <class name="ComposerAutoloaderInitba325e73dab8574f32414813b13ef83c" namespace="global">
        <metrics methods="2" coveredmethods="0" conditionals="0" coveredconditionals="0" statements="21" coveredstatements="0" elements="23" coveredelements="0"/>
      </class>
      <line num="9" type="method" name="loadClassLoader" crap="6" count="0"/>
      <line num="11" type="stmt" count="0"/>
      <line num="12" type="stmt" count="0"/>
      <line num="13" type="stmt" count="0"/>
      <line num="14" type="stmt" count="0"/>
      <line num="16" type="method" name="getLoader" crap="20" count="0"/>
      <line num="18" type="stmt" count="0"/>
      <line num="19" type="stmt" count="0"/>
      <line num="22" type="stmt" count="0"/>
      <line num="23" type="stmt" count="0"/>
      <line num="24" type="stmt" count="0"/>
      <line num="26" type="stmt" count="0"/>
      <line num="27" type="stmt" count="0"/>
      <line num="29" type="stmt" count="0"/>
      <line num="30" type="stmt" count="0"/>
      <line num="31" type="stmt" count="0"/>
      <line num="32" type="stmt" count="0"/>
      <line num="34" type="stmt" count="0"/>
      <line num="35" type="stmt" count="0"/>
      <line num="36" type="stmt" count="0"/>
      <line num="37" type="stmt" count="0"/>
      <line num="39" type="stmt" count="0"/>
      <line num="41" type="stmt" count="0"/>
      <metrics loc="43" ncloc="41" classes="1" methods="2" coveredmethods="0" conditionals="0" coveredconditionals="0" statements="21" coveredstatements="0" elements="23" coveredelements="0"/>
    </file>
    <package name="Composer\Autoload">
      <file name="C:\www/phpunit/vendor/composer/ClassLoader.php">
        <class name="ClassLoader" namespace="Composer\Autoload">
          <metrics methods="12" coveredmethods="2" conditionals="0" coveredconditionals="0" statements="79" coveredstatements="25" elements="91" coveredelements="27"/>
        </class>
        <line num="0" type="stmt" count="3"/>
        <line num="50" type="method" name="getPrefixes" crap="2" count="0"/>
        <line num="52" type="stmt" count="0"/>
        <line num="55" type="method" name="getFallbackDirs" crap="2" count="0"/>
        <line num="57" type="stmt" count="0"/>
        <line num="60" type="method" name="getClassMap" crap="2" count="0"/>
        <line num="62" type="stmt" count="0"/>
        <line num="68" type="method" name="addClassMap" crap="6" count="0"/>
        <line num="70" type="stmt" count="0"/>
        <line num="71" type="stmt" count="0"/>
        <line num="72" type="stmt" count="0"/>
        <line num="73" type="stmt" count="0"/>
        <line num="75" type="stmt" count="0"/>
        <line num="84" type="method" name="add" crap="30" count="0"/>
        <line num="86" type="stmt" count="0"/>
        <line num="87" type="stmt" count="0"/>
        <line num="88" type="stmt" count="0"/>
        <line num="89" type="stmt" count="0"/>
        <line num="90" type="stmt" count="0"/>
        <line num="91" type="stmt" count="0"/>
        <line num="92" type="stmt" count="0"/>
        <line num="93" type="stmt" count="0"/>
        <line num="94" type="stmt" count="0"/>
        <line num="96" type="stmt" count="0"/>
        <line num="99" type="stmt" count="0"/>
        <line num="102" type="stmt" count="0"/>
        <line num="103" type="stmt" count="0"/>
        <line num="104" type="stmt" count="0"/>
        <line num="106" type="stmt" count="0"/>
        <line num="108" type="stmt" count="0"/>
        <line num="109" type="stmt" count="0"/>
        <line num="110" type="stmt" count="0"/>
        <line num="111" type="stmt" count="0"/>
        <line num="112" type="stmt" count="0"/>
        <line num="113" type="stmt" count="0"/>
        <line num="114" type="stmt" count="0"/>
        <line num="115" type="stmt" count="0"/>
        <line num="117" type="stmt" count="0"/>
        <line num="119" type="stmt" count="0"/>
        <line num="127" type="method" name="set" crap="6" count="0"/>
        <line num="129" type="stmt" count="0"/>
        <line num="130" type="stmt" count="0"/>
        <line num="132" type="stmt" count="0"/>
        <line num="134" type="stmt" count="0"/>
        <line num="135" type="stmt" count="0"/>
        <line num="142" type="method" name="setUseIncludePath" crap="2" count="0"/>
        <line num="144" type="stmt" count="0"/>
        <line num="145" type="stmt" count="0"/>
        <line num="153" type="method" name="getUseIncludePath" crap="2" count="0"/>
        <line num="155" type="stmt" count="0"/>
        <line num="163" type="method" name="register" crap="2" count="0"/>
        <line num="165" type="stmt" count="0"/>
        <line num="166" type="stmt" count="0"/>
        <line num="171" type="method" name="unregister" crap="2" count="0"/>
        <line num="173" type="stmt" count="0"/>
        <line num="174" type="stmt" count="0"/>
        <line num="182" type="method" name="loadClass" crap="2" count="10"/>
        <line num="184" type="stmt" count="10"/>
        <line num="185" type="stmt" count="10"/>
        <line num="187" type="stmt" count="10"/>
        <line num="189" type="stmt" count="8"/>
        <line num="198" type="method" name="findFile" crap="17.56" count="10"/>
        <line num="201" type="stmt" count="10"/>
        <line num="202" type="stmt" count="0"/>
        <line num="203" type="stmt" count="0"/>
        <line num="205" type="stmt" count="10"/>
        <line num="206" type="stmt" count="8"/>
        <line num="209" type="stmt" count="10"/>
        <line num="211" type="stmt" count="4"/>
        <line num="212" type="stmt" count="4"/>
        <line num="213" type="stmt" count="4"/>
        <line num="215" type="stmt" count="8"/>
        <line num="216" type="stmt" count="8"/>
        <line num="219" type="stmt" count="10"/>
        <line num="221" type="stmt" count="10"/>
        <line num="222" type="stmt" count="10"/>
        <line num="223" type="stmt" count="4"/>
        <line num="224" type="stmt" count="4"/>
        <line num="225" type="stmt" count="4"/>
        <line num="226" type="stmt" count="4"/>
        <line num="227" type="stmt" count="4"/>
        <line num="229" type="stmt" count="0"/>
        <line num="230" type="stmt" count="0"/>
        <line num="231" type="stmt" count="0"/>
        <line num="232" type="stmt" count="0"/>
        <line num="234" type="stmt" count="8"/>
        <line num="235" type="stmt" count="0"/>
        <line num="236" type="stmt" count="0"/>
        <line num="238" type="stmt" count="8"/>
        <line num="240" type="stmt" count="8"/>
        <line num="241" type="stmt" count="0"/>
        <line num="244" type="stmt" count="8"/>
        <metrics loc="246" ncloc="155" classes="1" methods="12" coveredmethods="1" conditionals="0" coveredconditionals="0" statements="79" coveredstatements="25" elements="91" coveredelements="26"/>
      </file>
    </package>
    <file name="C:\www/phpunit/vendor/composer/autoload_real.php">
      <class name="ComposerAutoloaderInitee901059581ab4f6a7bbaa035e0c5837" namespace="global">
        <metrics methods="2" coveredmethods="0" conditionals="0" coveredconditionals="0" statements="24" coveredstatements="0" elements="26" coveredelements="0"/>
      </class>
      <line num="9" type="method" name="loadClassLoader" crap="6" count="0"/>
      <line num="11" type="stmt" count="0"/>
      <line num="12" type="stmt" count="0"/>
      <line num="13" type="stmt" count="0"/>
      <line num="14" type="stmt" count="0"/>
      <line num="16" type="method" name="getLoader" crap="20" count="0"/>
      <line num="18" type="stmt" count="0"/>
      <line num="19" type="stmt" count="0"/>
      <line num="22" type="stmt" count="0"/>
      <line num="23" type="stmt" count="0"/>
      <line num="24" type="stmt" count="0"/>
      <line num="26" type="stmt" count="0"/>
      <line num="27" type="stmt" count="0"/>
      <line num="29" type="stmt" count="0"/>
      <line num="30" type="stmt" count="0"/>
      <line num="31" type="stmt" count="0"/>
      <line num="33" type="stmt" count="0"/>
      <line num="34" type="stmt" count="0"/>
      <line num="35" type="stmt" count="0"/>
      <line num="36" type="stmt" count="0"/>
      <line num="38" type="stmt" count="0"/>
      <line num="39" type="stmt" count="0"/>
      <line num="40" type="stmt" count="0"/>
      <line num="41" type="stmt" count="0"/>
      <line num="43" type="stmt" count="0"/>
      <line num="45" type="stmt" count="0"/>
      <metrics loc="47" ncloc="45" classes="1" methods="2" coveredmethods="0" conditionals="0" coveredconditionals="0" statements="24" coveredstatements="0" elements="26" coveredelements="0"/>
    </file>
    <metrics files="11" loc="3928" ncloc="2247" classes="38" methods="268" coveredmethods="188" conditionals="0" coveredconditionals="0" statements="1119" coveredstatements="848" elements="1387" coveredelements="1036"/>
  </project>
</coverage>
